<?xml version="1.0" encoding="UTF-8"?>
<!-- Generated by org.testng.reporters.JUnitReportReporter -->
<testsuite skipped="0" hostname="ABHISHEK" name="testNG.TestNGClass" tests="1" failures="0" timestamp="31 Dec 2021 06:16:22 GMT" time="0.006" errors="0">
  <testcase name="test1" time="0.006" classname="testNG.TestNGClass"/>
</testsuite> <!-- testNG.TestNGClass -->
